# JRE version: OpenJDK Runtime Environment (21.0.6) (build 21.0.6+-13391695-b895.109)
# Java VM: OpenJDK 64-Bit Server VM (21.0.6+-13391695-b895.109, mixed mode, tiered, compressed oops, compressed class ptrs, g1 gc, windows-amd64)
GC Precious Log:
 CardTable entry size: 512
 Card Set container configuration: InlinePtr #cards 5 size 8 Array Of Cards #cards 12 size 40 Howl #buckets 4 coarsen threshold 1843 Howl Bitmap #cards 512 size 80 coarsen threshold 460 Card regions per heap region 1 cards per card region 2048
 CPUs: 8 total, 8 available
 Memory: 16227M
 Large Page Support: Disabled
 NUMA Support: Disabled
 Compressed Oops: Enabled (32-bit)
 Heap Region Size: 1M
 Heap Min Capacity: 8M
 Heap Initial Capacity: 254M
 Heap Max Capacity: 2G
 Pre-touch: Disabled
 Parallel Workers: 8
 Concurrent Workers: 2
 Concurrent Refinement Workers: 8
 Periodic GC: Disabled
Heap:
 garbage-first heap   total 276480K, used 164883K [0x0000000080000000, 0x0000000100000000)
  region size 1024K, 3 young (3072K), 0 survivors (0K)
 Metaspace       used 132814K, committed 135424K, reserved 1179648K
  class space    used 17838K, committed 19136K, reserved 1048576K
GC Heap History (20 events):
Event: 15.036 GC heap after
{Heap after GC invocations=41 (full 0):
 garbage-first heap   total 229376K, used 142284K [0x0000000080000000, 0x0000000100000000)
  region size 1024K, 4 young (4096K), 4 survivors (4096K)
 Metaspace       used 105023K, committed 107200K, reserved 1179648K
  class space    used 14290K, committed 15360K, reserved 1048576K
}
Event: 16.074 GC heap before
{Heap before GC invocations=42 (full 0):
 garbage-first heap   total 242688K, used 211916K [0x0000000080000000, 0x0000000100000000)
  region size 1024K, 71 young (72704K), 4 survivors (4096K)
 Metaspace       used 109792K, committed 112000K, reserved 1179648K
  class space    used 14954K, committed 16064K, reserved 1048576K
}
Event: 16.081 GC heap after
{Heap after GC invocations=43 (full 0):
 garbage-first heap   total 242688K, used 150049K [0x0000000080000000, 0x0000000100000000)
  region size 1024K, 9 young (9216K), 9 survivors (9216K)
 Metaspace       used 109792K, committed 112000K, reserved 1179648K
  class space    used 14954K, committed 16064K, reserved 1048576K
}
Event: 16.811 GC heap before
{Heap before GC invocations=43 (full 0):
 garbage-first heap   total 242688K, used 219681K [0x0000000080000000, 0x0000000100000000)
  region size 1024K, 77 young (78848K), 9 survivors (9216K)
 Metaspace       used 109796K, committed 112064K, reserved 1179648K
  class space    used 14954K, committed 16064K, reserved 1048576K
}
Event: 16.820 GC heap after
{Heap after GC invocations=44 (full 0):
 garbage-first heap   total 242688K, used 151901K [0x0000000080000000, 0x0000000100000000)
  region size 1024K, 7 young (7168K), 7 survivors (7168K)
 Metaspace       used 109796K, committed 112064K, reserved 1179648K
  class space    used 14954K, committed 16064K, reserved 1048576K
}
Event: 17.533 GC heap before
{Heap before GC invocations=44 (full 0):
 garbage-first heap   total 242688K, used 220509K [0x0000000080000000, 0x0000000100000000)
  region size 1024K, 74 young (75776K), 7 survivors (7168K)
 Metaspace       used 109800K, committed 112064K, reserved 1179648K
  class space    used 14955K, committed 16064K, reserved 1048576K
}
Event: 17.539 GC heap after
{Heap after GC invocations=45 (full 0):
 garbage-first heap   total 242688K, used 154703K [0x0000000080000000, 0x0000000100000000)
  region size 1024K, 6 young (6144K), 6 survivors (6144K)
 Metaspace       used 109800K, committed 112064K, reserved 1179648K
  class space    used 14955K, committed 16064K, reserved 1048576K
}
Event: 18.341 GC heap before
{Heap before GC invocations=46 (full 0):
 garbage-first heap   total 260096K, used 222287K [0x0000000080000000, 0x0000000100000000)
  region size 1024K, 71 young (72704K), 6 survivors (6144K)
 Metaspace       used 115191K, committed 117568K, reserved 1179648K
  class space    used 15606K, committed 16768K, reserved 1048576K
}
Event: 18.347 GC heap after
{Heap after GC invocations=47 (full 0):
 garbage-first heap   total 260096K, used 157434K [0x0000000080000000, 0x0000000100000000)
  region size 1024K, 5 young (5120K), 5 survivors (5120K)
 Metaspace       used 115191K, committed 117568K, reserved 1179648K
  class space    used 15606K, committed 16768K, reserved 1048576K
}
Event: 19.341 GC heap before
{Heap before GC invocations=47 (full 0):
 garbage-first heap   total 260096K, used 241402K [0x0000000080000000, 0x0000000100000000)
  region size 1024K, 83 young (84992K), 5 survivors (5120K)
 Metaspace       used 123657K, committed 126080K, reserved 1179648K
  class space    used 16601K, committed 17792K, reserved 1048576K
}
Event: 19.352 GC heap after
{Heap after GC invocations=48 (full 0):
 garbage-first heap   total 260096K, used 159793K [0x0000000080000000, 0x0000000100000000)
  region size 1024K, 9 young (9216K), 9 survivors (9216K)
 Metaspace       used 123657K, committed 126080K, reserved 1179648K
  class space    used 16601K, committed 17792K, reserved 1048576K
}
Event: 20.027 GC heap before
{Heap before GC invocations=48 (full 0):
 garbage-first heap   total 260096K, used 235569K [0x0000000080000000, 0x0000000100000000)
  region size 1024K, 83 young (84992K), 9 survivors (9216K)
 Metaspace       used 124971K, committed 127296K, reserved 1179648K
  class space    used 16734K, committed 17920K, reserved 1048576K
}
Event: 20.039 GC heap after
{Heap after GC invocations=49 (full 0):
 garbage-first heap   total 260096K, used 164847K [0x0000000080000000, 0x0000000100000000)
  region size 1024K, 11 young (11264K), 11 survivors (11264K)
 Metaspace       used 124971K, committed 127296K, reserved 1179648K
  class space    used 16734K, committed 17920K, reserved 1048576K
}
Event: 32.930 GC heap before
{Heap before GC invocations=50 (full 0):
 garbage-first heap   total 275456K, used 233455K [0x0000000080000000, 0x0000000100000000)
  region size 1024K, 79 young (80896K), 11 survivors (11264K)
 Metaspace       used 128785K, committed 131264K, reserved 1179648K
  class space    used 17233K, committed 18496K, reserved 1048576K
}
Event: 32.948 GC heap after
{Heap after GC invocations=51 (full 0):
 garbage-first heap   total 275456K, used 170779K [0x0000000080000000, 0x0000000100000000)
  region size 1024K, 7 young (7168K), 7 survivors (7168K)
 Metaspace       used 128785K, committed 131264K, reserved 1179648K
  class space    used 17233K, committed 18496K, reserved 1048576K
}
Event: 36.257 GC heap before
{Heap before GC invocations=51 (full 0):
 garbage-first heap   total 275456K, used 253723K [0x0000000080000000, 0x0000000100000000)
  region size 1024K, 88 young (90112K), 7 survivors (7168K)
 Metaspace       used 130898K, committed 133504K, reserved 1179648K
  class space    used 17509K, committed 18816K, reserved 1048576K
}
Event: 36.279 GC heap after
{Heap after GC invocations=52 (full 0):
 garbage-first heap   total 275456K, used 177879K [0x0000000080000000, 0x0000000100000000)
  region size 1024K, 9 young (9216K), 9 survivors (9216K)
 Metaspace       used 130898K, committed 133504K, reserved 1179648K
  class space    used 17509K, committed 18816K, reserved 1048576K
}
Event: 38.473 GC heap before
{Heap before GC invocations=52 (full 0):
 garbage-first heap   total 275456K, used 238295K [0x0000000080000000, 0x0000000100000000)
  region size 1024K, 69 young (70656K), 9 survivors (9216K)
 Metaspace       used 132631K, committed 135232K, reserved 1179648K
  class space    used 17796K, committed 19136K, reserved 1048576K
}
Event: 38.655 GC heap after
{Heap after GC invocations=53 (full 1):
 garbage-first heap   total 276480K, used 162630K [0x0000000080000000, 0x0000000100000000)
  region size 1024K, 0 young (0K), 0 survivors (0K)
 Metaspace       used 132631K, committed 135232K, reserved 1179648K
  class space    used 17796K, committed 19136K, reserved 1048576K
}
Event: 38.994 GC heap before
{Heap before GC invocations=53 (full 1):
 garbage-first heap   total 276480K, used 164678K [0x0000000080000000, 0x0000000100000000)
  region size 1024K, 3 young (3072K), 0 survivors (0K)
 Metaspace       used 132814K, committed 135424K, reserved 1179648K
  class space    used 17838K, committed 19136K, reserved 1048576K
}

